5.327638,7.016981,1.147821
0.09949066,2.2966,0.01206888
6.701203,9.727656,8.438198
3.763373,2.520074,0.3116283
7.309248,8.98807,2.426267
4.347218,6.711814,1.235968
7.022768,0.9660903,3.631718
4.727782,7.714431,3.618543
8.405418,0.2972746,1.089161
9.757467,7.889631,1.278549
1.139692,9.698422,0.109046
5.384938,6.01043,0.4089525
6.117722,8.33145,1.882948
8.45089,3.650023,1.138297
8.398396,0.164436,1.858366
7.560114,2.218844,1.445678
0.8210709,5.848155,0.08466132
8.482014,1.748589,3.258759
0.941521,4.68812,0.04932487
0.7136617,2.933009,0.01101613
6.316294,6.111301,4.401225
7.928146,6.013572,5.368842
4.898873,4.422524,0.3821477
7.838141,5.976797,1.820334
8.329114,8.855402,1.090724
4.232646,9.352732,0.2944202
4.771557,2.570733,1.23429
8.476146,3.253635,5.684797
3.399693,4.827833,0.1173504
5.409327,8.925568,0.5046783
7.911762,2.096604,2.905197
1.689004,8.738964,0.2356667
0.291704,2.307515,0.01347901
0.6833802,9.771533,0.06471778
6.115537,7.794204,3.718128
6.432381,0.4560293,0.9414223
2.704876,2.423225,0.1630547
5.198751,3.080663,0.8074907
6.701344,7.270548,0.8749421
8.252653,4.372213,2.226501
1.993152,7.260534,0.1534467
7.785986,5.466225,1.496199
1.063161,4.295731,0.01657044
7.184653,9.338094,1.436653
5.262527,7.757823,0.4156884
7.419668,6.724362,9.329924
0.126938,4.088063,0.01750931
3.498999,6.177514,0.07336415
7.547851,6.344915,2.702407
9.155419,6.003678,3.738079
3.02206,0.3870565,0.0001829525
1.237167,1.402668,0.04796636
4.078376,0.6703562,0.3612439
4.625284,5.504594,0.6811637
4.272082,2.150557,0.39487
6.97714,1.533974,2.09924
1.183041,4.730428,0.02027119
9.518565,8.82522,0.7983679
1.287301,9.632593,0.2425487
3.833313,2.211316,0.2233454
2.9887,7.150067,0.2723728
2.62648,1.887113,0.1800902
8.997167,8.82585,6.54497
2.396813,8.423239,0.4753935
8.18717,8.762983,7.91389
7.593852,4.288333,1.396264
0.127719,5.527647,0.03294273
1.520249,9.429833,0.07135953
9.461342,0.1710376,1.451215
1.801364,5.440781,0.3264014
1.441816,9.856587,0.126738
7.447968,8.890981,5.731532
9.755746,9.38188,1.914329
0.8264763,2.032783,0.06557493
9.921721,4.941679,1.119631
8.234093,2.561237,4.444389
4.041084,0.6426493,0.3464846
6.263056,0.8726291,7.666712
0.5650052,2.728573,0.03057528
6.994954,8.782721,9.615546
8.649962,2.066815,0.1985173
8.694147,1.022442,0.7438453
1.220834,8.515487,0.1907177
7.650889,5.957306,1.265602
8.919263,3.382554,1.348216
1.035812,9.136728,0.09166029
9.076918,2.396467,3.647348
7.941434,6.492862,1.721385
0.3541083,5.569203,0.03151303
0.5207719,4.458145,0.0307947
2.043073,9.761132,0.5070811
3.712008,0.6512931,0.1580593
5.919676,8.817806,2.091228
2.352795,0.9910995,0.05650537
2.783418,4.751284,0.1295412
0.9676698,1.532845,0.02901105
7.402692,4.620144,3.28182
1.461602,4.088773,0.1110522
0.6454234,6.742686,0.02214902
4.54987,2.752769,0.3133842
6.23655,8.789417,0.7951132
4.416864,0.3659945,0.2402467
5.015678,7.66644,0.9934118
1.400025,4.883808,0.1073137
7.381018,0.2512807,1.968381
9.837132,8.145518,9.189138
1.510373,0.200073,0.1819177
2.717404,5.290605,0.2277909
7.028309,0.9310017,1.413395
4.920922,3.104823,0.2414376
3.763953,7.920087,0.1433829
5.407708,7.124148,2.334031
4.102207,1.326116,1.416876
0.9183501,7.468116,0.2019568
9.662347,0.8101215,6.862358
4.813334,5.092458,0.1916943
2.218345,9.495197,0.3006791
2.12601,6.153814,0.3696974
3.730427,1.189096,0.4119966
3.283145,3.350877,0.4101409
6.893216,6.687853,0.8146321
3.951616,5.503301,1.202402
9.919708,0.2261739,1.193338
7.400043,0.8763983,1.765929
2.758192,5.172496,0.2589507
4.321175,8.820336,2.326037
3.727014,3.013036,0.506664
6.264218,2.469074,1.529317
2.417269,4.826665,0.1485813
7.064707,7.960206,1.393902
3.42302,1.469738,0.08747874
3.628078,0.522771,0.9177011
0.7394619,4.404019,0.05720277
6.950302,3.023202,1.892013
8.848866,9.103834,0.756434
1.923753,5.126232,0.06340832
4.076473,0.5406502,0.1882673
6.059048,5.248727,2.159994
2.793504,2.779368,0.6397106
2.776139,8.856312,0.06213879
5.319383,1.043858,0.7333299
5.225268,2.068914,0.1044273
0.6924943,0.1233207,0.0006632479
0.02289193,2.268292,0.008241944
5.138698,7.463768,0.9349285
2.406027,5.11888,0.07749094
7.909186,5.375569,4.98575
6.403264,9.263019,0.03358967
3.860699,2.866553,1.430269
9.477086,4.994338,7.234643
2.564429,4.074631,0.05539761
0.1551636,9.260544,0.0692365
6.184392,0.5674208,3.664884
2.268565,2.604142,0.13473
6.145872,8.032861,0.6963489
2.685392,4.37563,0.163984
4.650346,1.915485,0.8907354
1.982233,2.747401,0.3483418
0.5559819,8.281958,0.07414188
6.499185,1.215799,0.6951211
8.256683,3.787779,16.30705
6.209449,8.883606,2.178077
6.973716,7.211849,6.98241
9.61808,8.197018,1.860692
5.391716,8.38577,1.332764
2.341543,4.178361,0.03463695
0.05161624,5.464738,0.03048475
3.39605,2.032224,0.2955295
8.023132,6.63264,1.812599
4.650061,4.51323,0.2766817
3.961244,4.408865,0.4182473
3.926567,2.097448,0.9557227
6.081499,3.035597,1.256879
4.657144,7.525938,0.6793723
4.654234,4.818091,0.4402069
4.726418,0.7649085,3.828358
3.374726,2.889011,0.2166267
3.023885,3.826584,0.4368535
8.829906,0.412723,1.063348
6.368062,5.345564,0.877867
7.289326,4.320676,2.843565
4.000139,3.674112,0.186026
2.982584,0.1492841,0.4761651
9.226018,3.191816,0.4139257
9.852061,1.166272,1.657909
8.694372,5.512383,1.810143
0.6436379,3.174633,0.02596278
5.61063,9.625287,2.3482
5.49719,7.468728,0.2955984
7.697403,2.905932,0.5377131
4.834116,4.830377,1.452388
9.958102,6.617222,6.711857
7.838651,7.9992,8.217867
4.924958,7.36508,1.725469
6.689398,2.464816,0.6251767
7.585834,3.940033,1.65078
0.7778831,0.8247531,0.000328632
8.500571,8.434322,15.85159
0.9195853,1.292649,0.006272945
9.242532,1.467466,5.086383
4.625143,0.1541341,1.363376
5.453718,0.5014197,2.029925
1.731045,9.870975,0.07911852
4.032248,7.106016,1.000389
9.037648,6.076712,5.435769
2.214231,2.105655,0.222708
2.941632,6.834622,0.1812391
5.322245,3.202092,0.7378654
5.575357,1.001413,1.700801
5.599499,3.27611,2.028702
8.497109,3.153175,2.94562
8.945507,7.717405,4.518147
4.080388,9.025654,0.04432408
4.421919,3.139218,0.2781795
0.1158288,0.6080509,4.908139e-05
3.73978,0.007814753,0.4198722
0.4929302,4.930826,0.05687287
7.982209,6.668234,1.648919
1.899281,9.102843,0.3126451
8.395278,8.920961,1.704057
1.204712,6.49965,0.001037647
8.834122,4.834189,0.6365517
4.261243,6.33039,0.4720586
7.59854,7.806715,3.875413
6.833753,2.16179,1.848887
3.270767,6.93345,0.04486689
3.717668,4.387306,0.2032663
9.246925,5.531505,4.042741
1.333636,1.069618,0.02159472
2.338749,4.55057,0.04664685
9.570364,3.741647,0.9237497
2.75683,6.274071,0.2575642
3.672204,3.882714,0.1162132
2.65677,2.27675,0.6143729
0.7226687,6.385898,0.05406105
0.4091816,1.611156,0.01014077
5.605021,5.152377,1.79477
0.4444865,3.34258,0.02448886
4.499924,2.00426,1.175336
8.798461,2.785486,0.5772316
0.4113926,6.340463,0.04418263
4.95904,2.645934,0.1736022
7.814011,8.240171,5.57444
4.399841,9.10056,0.06782397
3.924296,6.022427,0.1814464
8.394686,4.322523,0.735466
8.822863,4.142208,9.18658
6.160791,3.043456,0.5379615
3.196586,0.8315665,0.010524
3.712161,3.559176,0.3145466
9.70844,6.457986,13.72127
2.030505,7.196828,0.1701499
5.591862,6.512574,2.480984
8.416806,0.1681959,5.384056
6.25155,9.825734,0.9136962
0.2379646,0.3287614,0.0009057265
4.746795,7.123697,3.915361
2.651884,2.52522,0.6801179
8.951601,7.417491,0.9268654
4.411522,4.635879,1.177277
5.355204,6.630418,0.3891858
0.7861924,4.107303,0.1858906
1.637433,5.545082,0.0261562
8.793252,1.562486,1.402487
4.1277,0.4900118,0.7608335
5.30695,5.484123,0.7402008
7.79929,0.02677531,2.68922
0.4508444,1.042857,0.001394425
2.688738,8.336225,0.4084379
6.395407,7.976352,0.4469477
0.8673369,3.331975,0.06802498
3.271621,9.59677,0.5500912
0.4457864,4.724659,0.03202261
2.990026,8.971085,0.1231275
2.266247,8.62311,0.1515782
6.451438,9.115803,1.017453
0.07093195,3.260419,0.02339698
6.835575,1.768581,1.717247
6.904855,5.695245,1.230633
7.665533,6.849302,11.24268
5.261016,6.195388,0.4998446
7.758844,7.387292,2.552043
9.277387,0.5684548,13.58943
9.389898,9.615784,1.436414
5.47191,7.686447,4.222328
5.942799,2.271927,0.4713892
3.999864,0.8323785,4.374114
9.252953,0.7833209,5.645598
2.02545,7.469804,0.003933482
4.886349,4.029475,1.082642
8.325756,2.327595,0.6972832
6.618513,4.887176,0.7188999
3.236682,8.798949,1.511362
4.500901,2.936004,0.2535803
4.988438,2.743879,1.619657
6.387907,5.463371,1.069988
1.597546,2.933058,0.3414032
3.487401,2.716833,1.259296
4.154117,4.036539,0.4734383
4.003891,7.248045,0.3808864
1.238954,5.187877,0.006424328
2.324666,8.167223,0.1969015
7.457245,6.574698,8.720854
8.262371,3.002843,5.912471
9.899245,5.4147,5.508058
0.6798108,7.859587,0.08397982
1.972281,2.86028,0.0791379
9.066122,4.873131,6.335749
7.218581,5.944179,7.457339
5.928069,0.561487,0.6375657
1.865468,0.6742215,0.00172408
7.770333,1.265785,2.091177
9.100532,4.543807,6.052598
0.408347,3.588666,0.01908175
3.372081,2.732466,0.1690153
3.883971,0.06715522,0.2252487
3.917177,4.857102,0.1858541
5.662361,1.311037,0.4105303
6.861598,6.800243,0.753327
2.584097,1.587469,0.09149376
6.436302,5.459634,10.71096
8.685896,4.687691,0.8240142
4.165305,4.162823,2.402153
0.6665902,2.131722,0.0008171755
5.582438,3.594517,0.331292
8.881795,7.028283,0.8488674
8.108479,0.3277926,1.226497
7.556698,9.613528,4.204947
0.5571477,8.144098,0.01320519
7.573841,0.8638736,2.213043
2.992266,0.4568852,0.1066359
8.804669,3.776276,1.690803
7.868381,8.835929,0.2329369
2.815288,8.924812,0.03301853
4.921158,0.7285997,2.349026
4.076335,4.749264,0.03507792
8.802855,8.550675,4.018589
7.180031,6.293109,0.6841195
2.919454,4.07401,0.08883667
4.977396,8.427632,0.3504421
0.1510324,6.039921,0.01688953
6.190398,5.529392,1.569953
9.816313,3.701673,2.734007
4.00256,3.17075,0.4698624
5.598395,6.22711,0.1677073
5.12933,9.747636,1.185642
0.01347796,7.822037,0.04269937
6.703267,7.910171,4.302011
0.7338222,7.480811,0.03229966
9.577495,4.829488,9.187953
7.273327,8.63714,0.7580507
6.18628,8.211636,2.361846
3.26732,2.136886,0.58718
5.241745,6.007965,2.519548
4.894006,9.175801,5.070096
0.2259979,0.9013008,0.0001554925
5.168429,5.68434,2.174029
0.7381122,9.583976,0.1152166
6.72483,2.435201,0.6658786
3.35071,3.440295,0.1221897
5.6303,9.97048,0.8898841
8.4455,4.820643,5.750602
5.707554,7.409385,1.858783
7.954407,5.737324,1.998976
6.957257,8.362838,5.611376
4.044992,6.548922,1.356565
0.883763,2.288089,0.0008156453
1.550397,8.868661,0.07875138
5.461092,4.657328,1.147471
2.302241,8.379021,0.1908904
4.364932,2.472104,0.8530878
6.46805,3.281165,2.396725
6.694443,4.79672,1.82546
4.114398,1.74379,0.6374065
3.263718,7.522588,0.2799814
7.627994,1.249494,3.668244
6.030171,1.307226,1.021454
8.753296,2.425835,0.8694423
6.163188,8.347892,2.601038
4.159911,0.8061035,3.30758
2.310171,9.031799,0.03074001
1.852321,2.57559,0.07563529
7.4176,1.908843,0.3833508
8.365082,3.087457,5.197831
6.074692,9.680041,0.5165946
2.032666,4.339566,0.06122313
1.109889,5.773465,0.04776596
0.9847099,3.713804,0.03265891
8.855786,5.72846,2.024379
0.1387485,6.099653,0.03187848
6.451115,5.714324,1.047978
0.1395674,3.948789,0.03192624
0.3206375,6.32013,0.03621169
5.360515,1.22465,3.668411
0.874684,3.901328,0.04100113
2.508374,1.350046,0.2597999
3.342356,6.129511,0.2809093
1.407831,2.883729,0.001955925
7.730689,8.875342,2.439854
3.709087,0.1505571,0.275377
4.504513,4.833186,0.3174751
5.122019,5.614337,0.6843767
8.469977,4.999904,0.7748963
2.075917,3.134342,0.1855224
8.819868,2.01082,1.206652
3.494609,8.288137,0.9374122
9.736888,6.878353,2.032448
2.285435,6.664295,0.1693264
1.484074,3.903286,0.04252688
6.66683,1.637647,0.703554
2.506323,0.2974416,0.2215728
7.415685,8.141756,0.6374364
3.377052,5.988005,1.291624
2.292867,6.616776,0.1270009
0.5884356,8.737506,0.0783359
1.993101,7.837773,0.03116933
7.252589,3.360822,5.04108
9.534194,6.121357,6.925017
7.03111,9.803388,2.831117
3.890458,9.794131,0.136677
7.716169,7.888841,1.853141
1.316533,1.223791,0.004543454
9.340126,5.603162,5.085932
3.055065,7.66276,0.5031948
8.219116,1.003052,1.253467
9.588751,1.279432,5.833366
0.9870247,6.431465,0.06211199
0.7242224,6.506372,0.02343748
6.908969,0.7507655,0.1289614
7.747335,2.596326,1.163094
1.336356,7.103542,0.07400579
5.947726,8.253452,6.335705
5.780586,6.520952,0.8207225
7.979428,5.20464,4.706632
7.32605,7.251574,2.058262
3.541252,1.472163,0.9404831
7.237747,3.57748,3.86432
8.132045,3.1799,2.371903
6.094258,5.474904,0.6215229
6.142008,5.601112,1.901645
6.543134,9.836035,0.5781199
4.631271,0.2151058,0.1065975
7.44435,4.136604,0.4576255
9.225176,6.488233,2.228365
0.4694264,5.88143,0.0397417
7.555765,7.409789,0.8312787
6.152258,1.33117,1.235897
8.573202,2.737061,10.44302
6.868309,0.1148558,1.078153
2.556247,5.823317,0.1664126
7.498457,1.612962,3.117333
8.057215,9.011417,1.30845
3.832844,9.953152,0.3372183
0.6283675,2.644333,0.02741968
9.582291,0.8098394,0.5747826
0.3352318,3.653582,0.01227686
9.333411,0.06962508,2.886574
0.0903943,8.128055,0.06175169
2.171354,5.730226,0.00906191
1.323012,8.533131,0.02772241
0.6268498,9.787502,0.07917445
9.838017,9.826229,1.576403
9.689626,3.030265,1.149799
9.698506,3.709269,0.2872352
6.400507,8.500659,1.070434
2.492011,1.376659,0.01733815
9.105993,0.7227148,1.647171
1.198978,3.391297,0.05100452
4.155307,7.665476,0.9749568
7.628034,1.43072,0.848558
5.856777,5.33704,0.4811091
5.784306,2.791178,4.129082
7.721515,7.626197,5.719013
0.2435276,0.2318967,0.001951055
9.684969,3.923006,1.676656
1.190413,5.853203,0.02888718
7.030513,1.852347,1.778984
4.301719,0.316681,0.2356394
4.80242,0.4167913,0.4113665
5.744372,5.313976,0.4903511
4.138153,8.390489,2.921193
2.720845,7.698598,0.3852841
4.07971,3.818069,0.7970286
8.680116,5.767929,3.090948
6.298727,0.6655499,1.413972
3.463425,1.592736,0.6085715
2.22632,4.217359,0.1337927
0.4484773,6.131009,0.04950726
5.525043,6.976204,1.363826
4.467356,7.997246,0.8477426
1.802139,9.94908,0.1177215
3.917484,8.02316,0.1793078
6.26484,5.347571,1.572223
4.535913,3.815596,1.397823
8.688008,7.692044,1.359381
0.9876794,5.838618,0.08323067
6.912302,8.695916,1.043304
2.75742,9.069133,0.1990622
7.124918,1.666365,4.198678
4.346253,4.47291,0.5806038
0.5395993,9.48647,0.04924233
1.891143,9.432425,0.2488122
9.546376,6.015422,0.5891801
8.172441,6.208298,5.036167
2.881129,1.28534,0.07242628
1.047278,4.276875,0.03775685
9.262569,6.089883,0.3704498
2.353586,4.279164,0.06552529
0.1181598,0.4211545,0.001685755
5.345466,1.396843,4.555814
1.98056,0.2231896,0.07629278
0.5943785,2.346084,0.005340737
1.336888,2.387544,0.01107793
1.497033,2.821482,0.004132766
3.996989,9.918737,0.3971971
4.538522,0.8380485,0.3789103
2.199472,7.366808,0.006743585
5.160366,9.405468,0.03703288
5.306216,7.599903,0.05851714
6.40116,1.567892,1.343593
0.8167127,0.7142285,0.01207622
7.28962,6.736988,2.700212
2.084691,3.960166,0.03834394
0.9005933,4.78721,0.04670051
9.963182,6.948174,1.408769
0.509678,9.933094,0.05141805
2.65796,7.939478,0.4034264
2.32896,9.694315,1.837723
3.393184,8.489526,0.8575547
4.567679,5.964629,0.7854938
8.648325,0.540904,6.092185
7.213887,9.175114,0.8557115
5.366002,6.024017,0.7578071
5.313338,9.226111,0.5834628
0.6591103,3.07522,0.009283205
1.303716,2.771653,0.02036469
0.3844804,9.268047,0.0711596
0.2443168,9.737441,0.05424946
3.361382,8.720647,0.1408959
5.39005,9.594322,1.530413
9.8311,2.533706,0.7429474
7.088943,3.436756,1.024308
9.104489,7.447406,3.149985
6.850423,7.440674,3.594877
8.626483,8.384675,1.469145
6.148302,1.659152,4.482558
1.680954,8.284168,0.194521
5.945185,6.280689,0.6628414
3.327698,0.9822919,0.172183
3.525563,6.661503,0.2324842
0.8307277,8.851452,0.05177678
1.847162,2.17585,0.08979909
2.131316,1.856034,0.2001261
4.014968,6.994948,1.475044
5.739392,2.814191,2.218084
4.357941,0.4238756,0.08148613
7.587453,8.115637,0.4384457
1.020251,2.424018,0.01709434
1.55505,2.468956,0.0964632
5.476251,9.972441,1.03566
8.874776,1.428442,17.53443
6.35623,8.339705,0.9229721
2.14965,5.866714,0.158246
5.277413,5.329649,0.3045123
4.082703,6.863981,0.4001074
4.899313,8.407768,1.024408
6.484358,1.789632,4.98616
8.377785,3.44402,5.30512
9.22352,7.06242,2.204442
8.821666,7.565675,6.223115
5.512908,8.512355,2.212762
3.647087,3.533479,0.1402662
3.188554,8.275023,0.3623573
9.605316,3.084907,3.923397
7.758265,5.466604,8.46195
0.8586974,8.189688,0.1731812
1.787178,7.58264,0.117433
9.409508,8.151,1.493774
0.3379816,2.5207,0.003052857
2.836217,8.903751,0.01495104
1.275321,1.143624,0.0743737
8.122661,3.55223,7.530497
2.237512,8.161322,0.4663012
9.622454,0.4511265,1.6174
7.216287,2.689052,1.061165
1.23707,5.212593,0.1343208
3.941609,0.8186059,0.09351392
1.611248,2.528652,0.08030817
4.631284,4.023586,0.7064524
5.105554,1.558429,0.4714045
6.727476,4.260342,0.5766694
2.441387,9.124726,0.2046424
7.95331,6.849565,4.420279
7.29345,1.582977,2.073073
8.595861,2.645995,3.546875
9.168041,8.27581,1.284401
6.733104,0.4565883,3.715144
2.299879,5.030555,0.08915558
1.901994,0.5454543,0.03073406
7.83761,1.468662,0.4389795
6.303937,9.940262,1.60706
4.055922,1.795898,0.2962764
0.8710853,7.272023,0.1370549
0.4487482,7.166039,0.07886816
6.546773,6.936713,0.4655602
9.767244,3.607917,1.073869
4.114059,8.49773,0.4926587
0.9829548,5.284785,0.09616949
3.828597,0.9018313,0.7598257
6.222178,5.566371,2.259771
7.195335,3.783768,1.519278
1.595649,7.85773,0.3818661
5.143572,7.30894,0.5104565
9.284083,4.674291,2.435664
4.229635,7.512421,0.5947556
1.983114,3.763675,0.07980163
2.12152,1.614565,0.7334357
5.140229,8.164161,1.591931
5.047335,8.580846,3.748563
7.633311,0.4518915,2.051636
8.232566,2.082577,2.593097
9.874217,0.8247535,1.896093
8.854987,1.584995,2.417711
6.808443,5.999653,3.235841
4.997714,8.402761,0.2303636
4.873798,4.187943,0.7316209
0.8387337,4.101997,0.04138314
4.944565,6.593043,6.066933
0.8894724,1.177149,0.002878204
3.53099,2.356237,0.07553249
2.311874,9.855935,0.107275
5.171066,8.664352,0.4459034
5.973982,6.615323,0.3921611
3.488284,2.381094,1.142331
0.9022744,6.126548,0.05341114
5.170804,1.869683,0.3388611
5.371746,5.057472,0.4635893
4.385085,5.28646,0.2157248
6.945118,9.722182,1.315326
4.61211,3.686525,1.87903
6.833956,3.085467,4.818228
2.041788,1.529947,0.1723396
7.939281,9.156537,1.497707
4.183113,3.694217,0.7378135
4.007087,4.080312,1.477511
3.538349,9.977747,0.7265893
9.413633,6.019129,1.888235
9.817279,8.688268,3.745398
0.438966,0.1696693,0.0002814549
8.121051,0.6603521,1.625809
2.017816,4.802602,0.01077336
0.7347807,9.696974,0.009664129
6.056165,9.800109,0.7618718
6.883202,5.592818,0.4369336
9.933377,9.42235,6.086486
3.410803,5.914943,0.2525639
4.824709,5.014853,0.5675378
7.74279,5.898366,4.019473
5.979695,9.010945,0.5283886
5.52762,9.708909,0.9816693
6.327021,0.8335258,1.123979
7.174401,7.992155,0.2194753
1.241732,4.688852,0.08406073
8.941923,7.11191,2.602596
5.979644,0.593839,1.727771
6.217976,5.084148,8.620177
6.883935,8.390688,4.909473
3.355978,5.338413,0.1004993
2.674993,9.050554,0.3255497
2.116092,3.346825,0.1546987
5.799425,3.551344,0.8582267
3.837566,5.768219,0.06976799
1.627228,7.036924,0.0794729
1.048589,9.003018,0.09273358
2.367752,7.037325,0.1911028
8.61492,6.99688,1.038002
6.179916,3.269493,0.3741704
0.05142089,0.5614914,0.001134325
4.892334,2.988055,2.240571
5.019244,9.479018,6.034048
3.83308,3.418475,0.1420719
0.1694551,6.738162,0.0588889
3.13241,2.598083,1.422778
4.388961,3.958879,1.596163
1.196537,9.606869,0.08041501
0.2500993,9.784089,0.0604279
2.840164,6.923958,0.9077675
3.420236,6.75261,0.8514071
8.608074,6.790236,6.38757
6.832952,5.38432,1.428771
4.906748,3.613375,0.1363046
4.433718,2.701061,0.2779656
6.260123,5.489328,1.879196
9.055993,5.070846,1.700688
7.241882,9.305685,3.561265
2.299453,2.380959,0.01563272
5.95571,7.704377,0.6177537
3.382443,3.188647,0.2330651
5.480906,1.207782,0.5135793
7.649777,6.892227,1.014933
1.707468,8.078999,0.1289332
5.994654,9.567203,1.64581
3.633609,5.172433,0.6198215
8.411354,2.957353,2.787233
5.654868,5.565937,0.5470002
9.467797,9.873886,1.522226
6.920163,2.537184,2.261507
6.549435,0.4782445,0.1365416
0.3900679,7.002491,0.03338842
2.451491,1.849915,0.4302233
2.506952,5.572517,0.1030378
3.910913,3.976654,0.8196002
9.350965,3.631026,6.337237
2.137929,7.423624,0.08522361
9.380383,4.511885,2.514837
0.9458224,4.691923,0.05874206
0.8470181,0.835975,0.01231311
8.609129,8.697673,2.834447
4.054367,7.643852,0.1646211
3.216384,3.276687,0.1293365
0.4913521,5.305796,0.04887021
6.981215,4.652224,0.5711369
7.182763,1.246444,0.2778294
8.861942,7.084862,2.936032
6.914773,9.703423,0.4878225
2.474954,5.323935,0.1655777
7.820891,2.093104,0.6263255
5.014071,9.903509,1.308657
4.608993,8.294687,1.579394
0.983506,4.735422,0.07507638
7.920472,2.208246,0.5037407
5.526133,6.461175,0.835727
7.764389,3.620999,1.937525
2.010616,9.214998,0.35306
1.872104,3.281994,0.04054697
4.573637,4.929302,3.051828
2.215613,2.848594,0.1625945
3.306287,4.689706,0.7614252
9.30367,6.512965,0.6966
4.139665,1.724884,3.840386
4.80856,4.374345,0.4391545
3.993493,7.146244,0.2968189
1.796284,9.427462,0.07131204
8.050323,1.856731,5.448613
1.111569,9.779967,0.05727707
4.935505,6.10766,0.8509379
6.804785,0.5338253,1.041515
5.308845,2.981883,0.8300718
3.905774,5.783954,0.03272956
1.956506,7.387192,0.4627641
2.709611,9.052737,1.242302
8.134889,0.4295259,4.700719
1.825587,2.813858,0.03089283
4.429204,7.07209,1.580539
0.0447702,1.350154,0.002939651
5.901247,0.8539383,0.940766
4.397225,9.499227,1.121039
9.255497,4.437925,2.302487
3.73813,8.639537,1.229157
6.269156,9.133837,2.751254
1.63612,9.492674,0.2464097
9.132128,2.263255,0.5216557
8.728884,2.072592,3.169224
9.984594,4.04776,0.8000682
4.783768,0.8860435,1.273573
2.829812,4.531641,0.5893967
1.068439,6.152018,0.0593757
3.90534,7.116112,2.179861
4.547712,7.297045,0.3917681
1.945455,1.738929,0.06620884
6.216842,1.877649,2.851839
9.156161,5.265201,8.009938
4.0438,1.01793,0.4315597
5.581882,2.68601,2.150526
0.5656826,2.247362,0.02674254
5.227601,4.732539,2.330456
0.8654218,7.271225,0.1928731
2.366051,9.046433,0.09586265
0.3625476,2.109476,0.001476301
6.967744,4.920103,0.3194552
6.568107,3.176574,2.344008
8.403677,6.37617,4.831256
6.405913,7.784946,1.860021
6.918936,0.4239125,10.65152
0.2397651,7.618084,0.0668089
2.587242,5.037782,0.2632722
8.373862,6.322445,0.9158479
2.54205,2.162369,0.05164152
3.379811,7.056098,0.1984121
5.210199,2.306832,0.6606158
6.606458,4.726947,0.7108538
4.157172,3.589936,0.2972033
2.086619,4.374727,0.006836176
5.374751,4.392159,2.147852
1.703696,3.394288,0.04711797
3.238226,4.473858,0.4104941
3.700944,4.124365,0.3285245
5.836959,3.53494,1.521157
2.847871,0.0542732,0.3852315
1.417884,5.653329,0.1497264
5.284829,1.892833,1.917677
6.205313,1.11587,0.0007314885
7.982845,8.460325,1.901676
9.847084,2.865081,2.504429
6.603339,9.518016,0.2561231
0.8231492,9.885983,0.1782504
0.406319,0.01088674,0.001869971
1.120557,2.490819,0.03606211
3.233011,7.641101,0.6852551
6.36668,6.334355,1.485097
5.677502,5.103111,0.8152304
6.899562,1.959301,2.410689
4.943044,4.967585,0.9733996
1.384446,5.167341,0.06299222
8.740666,4.468218,0.6096686
8.320414,0.8651923,0.5864411
3.218916,9.572887,0.2663336
8.033109,2.300422,1.961564
5.049535,5.286604,2.063414
7.332186,1.554029,2.613441
0.08791765,8.010185,0.05385128
7.533069,9.969761,4.133364
3.406484,6.475915,0.1084144
2.261375,2.609788,0.4243375
1.955935,6.301185,0.03299545
7.248829,4.023196,4.754034
9.054249,4.379982,0.3881858
5.144533,8.451767,4.431506
2.0528,8.807228,0.3958079
2.037488,7.676004,0.07981233
2.454202,8.610312,0.151928
0.9069416,9.219684,0.07926211
0.3379452,9.164069,0.05036746
7.864821,0.5483599,6.041673
8.139769,4.305657,0.9555127
9.032005,9.730744,1.997395
0.6094745,2.721326,0.002507444
9.848139,3.491612,6.658958
8.771217,2.207916,1.089399
1.180541,4.138113,0.01358134
0.2909876,5.291235,0.05063821
7.879062,7.135537,1.275795
2.129224,5.302795,0.111473
4.630794,9.617158,2.450852
9.236498,5.882437,5.713722
3.5333,3.237749,0.3678621
4.79301,8.533199,0.5074449
7.292339,3.805451,0.382068
4.063461,3.384934,0.07428384
8.251653,3.993119,5.319799
7.333286,9.17843,1.839688
0.9219007,8.886244,0.03880414
8.695695,8.324484,0.7996897
0.4485579,4.515696,0.005937385
3.332434,5.379991,0.5126316
6.421969,4.58995,3.350706
4.235148,1.497598,0.5938969
3.192985,3.371318,0.6871987
9.719257,9.502693,4.736767
8.018584,8.724567,4.900211
9.903766,1.823962,0.9542184
1.687172,5.23379,0.09928924
3.075749,8.302571,0.1952078
5.706652,2.656541,3.745965
7.112476,2.829243,2.072762
1.427246,7.432632,0.06288997
0.2794685,9.130467,0.04114072
5.214237,3.119512,1.184038
6.377406,4.248233,1.564963
0.7223942,3.911382,0.02141765
4.305256,8.539158,0.2084956
8.662709,4.63093,0.2282792
9.955344,1.498949,7.236025
8.504823,2.189339,2.079976
5.022104,8.030739,1.3126
8.340625,1.639261,1.443701
2.916259,8.169868,0.2058026
0.4786613,8.822268,0.01735165
8.626273,3.649949,0.1529231
2.067527,4.823026,0.1346252
5.581555,9.311768,7.003974
7.83022,8.3651,9.887375
5.249356,1.601753,1.142455
5.60664,4.666201,1.326882
6.78775,4.600231,6.039305
6.469195,8.24916,0.9448102
7.274944,1.01419,1.15104
0.7276389,8.639365,0.08182244
3.359401,5.093657,0.4891236
9.746618,3.17754,35.11635
2.430357,1.302788,0.7077345
0.5690688,3.621454,0.01994274
3.110231,4.683989,0.2156185
1.729115,9.797969,0.07740927
9.429841,1.368215,3.478055
4.04612,9.695297,0.5971464
6.018356,7.039689,1.97059
8.295979,5.323246,11.00625
3.11479,4.389217,0.5502656
6.347425,0.7966338,5.943123
8.463906,9.872292,1.107607
9.672213,3.175953,3.387484
7.811739,3.819588,0.5418006
1.684213,1.323041,0.07654432
4.966535,9.991976,1.392137
2.665898,1.872996,0.08481824
5.650787,2.388626,0.4670819
3.223311,8.622825,1.866958
1.320832,0.7792696,0.004554998
4.640035,9.144935,2.971724
9.30063,1.22269,1.676848
8.930705,7.147296,4.708095
3.978776,9.514333,0.3177799
9.184122,0.5390021,8.851837
5.859205,2.783114,0.6862592
1.549107,1.061345,0.4555428
4.803972,3.485418,1.088605
9.127567,5.120695,3.390534
4.549247,2.245573,0.1544002
3.048632,2.678866,0.1906108
5.161021,0.3182126,2.560715
4.306184,9.932727,1.040858
3.240105,1.779204,0.5065743
7.279691,0.549126,2.886588
4.316032,9.084489,0.8062151
0.1238121,1.584764,0.002198685
8.579954,4.132966,0.688353
2.089304,1.68783,0.002281718
6.479846,5.635867,1.384781
0.03449336,2.943175,0.01363212
5.01089,6.537174,0.8055944
3.472633,3.233518,0.04690177
4.887326,6.714655,0.3914828
1.51297,1.273735,0.05809499
3.103736,1.44038,1.03853
0.3672941,4.902684,0.02137011
5.862996,3.390419,0.6714651
5.505662,4.792059,0.395209
1.224083,9.59119,0.0469632
5.014888,1.182815,0.2266083
3.417674,2.909322,0.4766101
8.731359,0.7069789,0.5259389
8.647221,1.39538,7.343978
0.8055796,9.816951,0.05362363
6.46452,1.635281,0.663178
5.557284,6.222906,0.2954153
8.221233,5.194766,4.212739
0.5591914,4.501366,0.01335229
9.236355,7.858965,5.894705
8.064428,7.752551,0.9863572
2.10775,0.6937776,0.1812213
8.141466,9.496541,1.427007
9.601104,3.837447,2.111062
4.993099,5.367773,0.497128
3.872776,8.045271,0.6076037
2.961413,3.961894,0.1651092
4.88366,0.4693041,0.364559
9.321254,9.943723,3.127387
4.083804,0.1456299,0.2113019
9.303648,4.034291,2.459576
7.845138,3.621547,5.621865
8.318913,8.206007,4.240603
3.327177,6.600014,2.247406
7.464402,3.706554,7.753176
8.96071,2.355176,4.912313
4.430829,2.458072,0.455111
9.685635,7.010906,4.252347
5.665048,1.723143,0.3529802
2.212933,6.115969,0.3728007
5.946817,5.963189,1.206087
9.592734,8.328156,2.255556
9.726545,5.931042,10.17038
2.32575,1.749033,0.9557178
9.176532,8.527489,4.230359
7.638678,2.051277,1.031596
3.148238,3.068927,0.6748438
5.906191,4.030227,0.2113973
1.785913,6.603809,0.06560331
3.747696,5.989149,0.2210122
2.793783,1.512261,0.1057195
4.109335,0.02848806,0.5296877
7.132638,0.9751996,0.5850278
7.475806,4.519364,0.9005402
1.226747,2.123169,0.08183871
2.632938,0.8796468,0.1115972
3.838065,2.588227,0.007527817
2.241353,3.911506,0.2526162
0.8805277,9.050119,0.0645918
2.410803,3.231505,0.3786564
1.309255,5.776138,0.05137176
3.467417,1.096698,0.04889252
4.950267,3.920225,0.3334185
1.001899,3.281502,0.0471965
3.343332,1.803395,0.5939687
2.628368,1.590805,0.156044
7.902099,8.404202,3.45161
3.948618,7.879881,0.2204201
3.540689,9.397881,0.4883763
1.845896,3.027087,0.06642662
6.107234,3.045857,1.372866
9.828233,6.428803,1.404081
4.454768,7.741939,0.3891292
3.704909,1.099408,0.438615
6.878382,9.634639,1.869021
5.769325,5.194264,0.6104096
4.683889,4.656886,0.5278748
4.675361,3.185711,1.411181
5.992806,9.901623,1.431602
8.463833,9.459915,2.511622
6.980884,1.659376,0.002882793
4.975637,9.167854,3.505521
1.787699,7.874314,0.08686347
3.067217,5.029287,1.675441
3.203559,1.68192,0.3397884
2.46601,4.639801,0.0715158
9.279838,2.09443,1.773945
4.620175,4.304035,0.350084
1.400636,3.433479,0.02438783
4.204752,1.383123,0.1721782
6.053041,9.660112,0.8357653
9.259792,0.9208379,3.330442
4.028433,3.905872,0.5551117
9.999433,7.76492,3.313617
0.4499317,0.3862041,0.001740364
7.051337,8.984827,2.846636
7.12694,8.66429,1.601887
6.045563,2.142537,0.8457493
7.580845,6.426422,4.199997
3.681187,5.915339,0.1088506
1.366196,0.6909209,0.04146511
4.51978,8.681831,0.744851
3.791176,6.561343,1.829626
7.725651,9.776893,0.1245863
1.94227,5.456571,0.1810248
1.530759,9.156269,0.2179328
6.885459,2.131951,1.332036
1.664647,2.117579,0.0512926
0.9778056,0.9199171,0.04566225
8.457075,9.198174,4.748047
8.43402,1.975785,2.045065
6.398115,0.654891,1.523249
3.273303,3.726912,0.1552086
1.577796,4.184934,0.09028673
8.68601,1.350667,5.278987
9.512639,6.143264,1.557339
3.143048,6.632104,0.4252861
3.996385,1.456426,1.638649
6.948805,3.693555,0.9623061
1.945137,5.755684,0.05515069
4.946405,6.268285,1.5346
0.450053,4.224711,0.02475354
9.592008,2.826887,0.4872269
0.6248776,8.23029,0.06082962
4.091903,2.413079,0.3948103
4.136637,6.032852,0.2823266
8.461674,8.03005,0.5490215
0.4917965,7.169939,0.06140667
9.460673,5.738436,7.946564
9.142672,4.764903,0.9969141
1.722391,9.231793,0.3425359
2.788704,6.488265,0.4220774
5.290299,1.304818,6.027266
4.040698,3.950846,0.6164613
4.811331,4.336697,0.005379067
7.512216,1.827677,1.554204
9.199336,1.276542,4.774739
0.615818,4.999517,0.04385696
2.752306,4.318809,0.1105687
2.908711,9.820866,0.119411
3.375109,1.282723,0.2984077
3.724108,4.529432,0.8559323
4.219232,8.322793,0.8759715
3.291347,2.479493,0.0769294
8.294367,1.080307,1.883451
2.62112,2.654293,0.08793205
1.003667,8.561153,0.08411479
7.185683,9.284331,0.8407056
1.39505,0.1770293,0.1053642
1.681016,9.776871,0.07613203
1.14851,3.191489,0.08727265
9.094669,6.38037,27.73568
7.107595,6.111328,2.230566
8.599636,4.731113,0.854586
6.523218,4.832863,0.6958455
7.78831,3.957648,1.155122
9.520505,0.6227733,6.767481
4.178007,2.066152,0.2461734
4.193642,6.80577,0.5594508
2.350156,5.182172,0.0756877
9.13098,5.749381,3.780875
4.713531,9.338802,0.3293554
3.424481,0.9643086,0.2915961
6.338233,0.7480774,1.160167
4.997967,2.754131,0.6831477
9.963314,1.662684,3.379313
4.469524,4.990525,0.1968045
7.538048,0.2393375,2.855243
6.001559,3.003728,0.1867824
7.00569,6.451509,0.4489015
0.548043,5.235599,0.06273473
3.925921,7.899953,2.560451
7.67094,7.055681,3.997762
6.629663,5.965796,2.309457
8.496175,9.263076,9.432397
8.376545,6.603988,1.619446
7.647569,5.2502,1.598945
5.895283,4.554919,0.4980578
4.095455,7.713634,0.683741
6.035606,6.170871,0.1827701
0.4464375,3.344643,0.04589799
1.468997,0.4465192,0.01263532
9.009379,3.907956,0.7871583
4.332492,8.078521,0.4867997
5.169022,1.961271,0.729723
1.468947,8.379315,0.1533886
6.776895,2.889663,0.8484004
7.701079,0.2077586,1.400797
1.323593,8.282746,0.1166922
0.3272888,2.007881,0.003417685
7.325454,2.28574,4.576935
6.685346,1.972164,1.602303
5.127016,5.347887,0.6306495
7.347405,2.726452,0.9676393
8.221165,0.9327002,5.745292
2.481699,9.907865,0.1725759
6.782386,1.122723,0.6528023
1.662539,4.137091,0.0764473
1.316815,3.112656,0.07110192
6.751103,6.004298,2.271734
4.052345,8.10477,0.1417919
4.692683,0.5722217,0.2512326
0.1152306,9.142285,0.0473043
0.150667,9.205439,0.0598001
8.278236,8.978501,0.7199948
2.126191,8.248317,0.08751456
3.323212,4.71598,0.1285249
7.586277,6.495234,5.095092
4.177149,6.758964,0.4865389
7.264658,3.810238,3.439887
1.696781,3.316201,0.1338897
3.421123,0.9322928,0.3143063
5.19004,4.319075,0.4556151
4.81736,8.680391,0.82061
8.119691,6.470533,0.7206602
9.449397,8.658752,9.116018
2.523576,3.016811,0.03419512
2.919282,0.9952605,0.357503
8.734462,0.8804872,10.76096
1.321832,1.374772,0.08808627
7.8334,5.438739,2.336295
1.276573,4.679812,0.06439015
7.702749,3.863309,1.095196
6.695883,5.823635,0.3477005
5.840513,1.511959,0.5182028
7.051266,8.833232,0.5480851
1.446437,4.113004,0.1808631
4.075552,1.057071,0.5826417
9.311122,4.837441,1.863687
3.780961,5.570792,0.1121538
9.579748,6.303925,3.267002
7.564662,6.794306,2.133339
5.253212,5.472457,0.7449115
7.421705,7.293148,1.170139
3.148967,1.493301,0.00293945
2.236999,5.770544,0.2611599
6.807846,0.3688649,0.4946504
4.042574,8.137098,0.3584643
6.027394,9.877504,0.6263359
1.879202,1.326297,0.1094609
6.084595,7.38439,0.381499
6.802354,8.976235,0.1844836
3.99339,7.540374,0.4545023
0.3710984,0.1711948,0.006005463
0.3627146,9.944989,0.06063649
5.291066,7.713681,0.2511315
6.317653,7.099732,0.9402927
8.708276,4.415841,1.272957
0.3376524,3.493425,0.0072536
4.375096,3.904113,2.422799
5.632323,6.854624,0.1863592
2.261514,8.230224,0.1735877
2.123407,7.669755,0.0008003328
8.466155,8.785523,8.986685
2.802008,3.924142,0.380229
1.191322,8.52666,0.03411326
7.412641,2.526274,1.628025
5.346893,6.699851,8.055348
1.150815,0.2048226,0.03642064
8.152449,4.211392,0.4317475
1.480134,3.226963,0.1495725
6.220765,6.873333,0.7545215
0.3814406,7.480972,0.04844047
6.706133,9.191414,0.4436504
4.076603,1.518799,0.2509143
4.171763,3.815296,0.7792202
9.653181,6.157847,2.127254
5.513807,3.09585,1.225077
8.239484,5.543909,1.771582
5.418925,0.3873971,2.228695
2.71174,7.747471,0.270662
7.908004,8.238739,4.186217
7.575942,8.910496,1.108559
8.346127,6.386942,1.981911
9.654759,9.195264,2.70346
9.32693,1.072482,4.086508
5.534405,3.544985,0.3178059
6.390908,1.453751,4.310752
6.986954,0.7444889,1.901925
6.156482,3.672281,0.7800688
8.11309,7.01464,0.6685254
1.301963,9.37875,0.3201551
9.31441,4.806126,4.174682
4.975504,6.84226,0.1159994
6.046331,4.904416,0.2564817
8.432769,4.914877,7.449912
2.905734,1.77641,5.663848
0.479538,1.755927,0.0130089
7.617127,0.6541853,8.645077
1.377757,9.659016,0.1136021
0.815663,9.953314,0.007237072
2.161853,9.320499,0.1690817
5.323647,0.09066277,0.7173054
4.454646,4.185848,0.3957969
1.511149,9.120608,0.3367584
9.69827,8.788531,7.476745
4.242607,1.27789,0.1819736
5.029255,9.659512,0.233533
0.7356225,2.138447,0.0008805934
3.120707,2.77275,0.09255617
7.19736,7.794381,1.702575
8.034873,6.552491,1.171871
2.169906,7.365534,0.6149113
9.324958,2.390025,0.5511411
0.5067592,0.9994346,0.001828308
9.776633,3.453354,1.944997
9.566482,7.848898,1.451281
1.180773,4.513063,0.000773122
3.317523,8.503405,0.3248737
6.377343,8.234158,2.013562
6.446256,2.127763,1.16181
6.666723,5.656669,1.506229
9.518498,7.398733,3.767443
3.050709,2.715937,0.02552088
3.05531,3.041876,0.1692571
9.424239,1.394644,0.4385866
3.426581,6.978538,0.1961303
0.9085607,8.928552,0.02553715
2.649325,1.116493,0.2481023
1.736843,8.527383,0.06203397
4.17345,6.785184,0.6027636
6.181516,7.60259,1.393347
2.208032,3.862552,0.1626658
6.800227,8.365038,1.979938
5.769934,0.6954447,1.730117
1.775029,1.888577,0.2779039
3.964102,5.00676,0.4187359
5.306315,0.410727,0.5853501
5.846119,4.217956,1.961962
5.860676,2.093897,1.640899
0.2789877,8.766089,0.0530706
6.080228,9.595226,3.124597
2.222954,0.8382028,0.0003251851
0.323254,6.081518,0.07307473
7.337855,7.034083,4.473313
5.223984,0.4253517,1.028446
6.085316,4.558717,0.5684008
0.1300646,4.962097,0.03489784
9.929374,9.474651,2.294919
9.570316,7.990677,1.146148
8.55058,6.861474,0.1703551
3.878489,3.33796,0.7157586
7.162469,3.132582,2.876481
6.626958,3.476882,0.5733558
1.799716,6.834561,0.09028015
7.894079,6.296324,2.069418
7.124295,5.715799,2.321333
0.3905833,1.657756,0.01345461
5.320355,7.236246,0.5912826
1.070582,9.033062,0.02549578
6.754199,1.904206,3.238255
1.302055,4.899797,0.05175879
8.370374,8.76795,5.683038
9.397316,5.146492,2.515606
0.4281716,6.891284,0.04191112
9.350974,4.127982,0.3777174
8.073134,9.230424,0.8060364
8.941373,1.395982,0.7336376
1.146911,1.529581,0.1058907
7.304201,3.937661,1.677683
7.781991,6.268338,2.043001
1.877492,0.7375945,0.1552276
0.3168405,7.184475,0.06825828
0.6668245,2.515084,0.01656674
8.312501,1.986355,15.4709
4.220558,5.822041,0.05346379
5.961071,6.718343,0.9992453
0.1254008,0.04020452,0.0121083
1.598977,0.9944951,0.08662269
2.046825,9.270071,0.3923894
3.265334,1.222122,0.1594121
0.9853529,6.770003,0.08251321
1.910958,5.502204,0.3380354
7.692195,1.768751,0.9357333
2.718602,4.199776,0.1013165
5.460008,7.456177,1.977616
0.1193998,8.684232,0.04784433
1.096744,8.622363,0.03022261
8.27572,5.595964,1.760481
9.092298,0.3142464,6.693867
6.331887,9.62726,1.360587
3.547553,3.10944,0.00627154
6.718677,6.219243,1.048321
2.146458,4.696734,0.3706068
4.243407,4.251649,0.4601608
8.30656,5.768104,0.6563438
3.074436,1.274649,0.7334911
4.5424,1.313172,2.424566
5.352855,8.744145,0.560297
4.295749,4.896019,0.215125
6.261724,0.5464165,2.23761
9.506185,0.3834659,3.614169
1.58997,1.571821,0.01217222
9.144517,7.715766,1.773543
1.213312,8.118893,0.09694464
6.733696,6.294835,0.5285966
0.03736244,1.369281,0.001408889
7.280803,1.380228,4.766933
2.280836,0.3244015,0.1279342
1.894162,3.509255,0.01498958
4.77224,5.126984,0.5589487
0.8337286,8.350693,0.07448153
9.700901,9.856385,1.212979
0.3543255,1.220674,0.01687452
4.782679,3.857967,0.1472897
8.334586,0.8344141,0.1886428
9.221786,5.528742,5.841537
1.116305,9.221613,0.08896776
9.845952,9.202971,4.514919
4.38586,1.39702,0.0385328
0.4250752,5.968077,0.01179258
9.178555,2.296616,0.5740929
6.399612,7.997893,0.3175983
2.149991,6.334002,0.0651644
4.322613,2.288659,0.09691697
4.66087,5.030399,0.2460348
0.4536441,3.506182,0.01427372
4.049316,7.085636,0.04403483
9.648889,7.203756,2.796892
3.479953,0.9186953,0.07446632
4.208302,1.429896,0.357957
8.691319,1.876229,2.186694
9.74638,4.745038,0.9725014
5.378111,6.5942,1.703049
9.781936,8.480196,0.2655362
0.3713713,6.551667,0.0734475
7.016066,4.826537,1.609053
6.490682,1.64455,0.8278464
3.873904,7.875913,0.143775
3.646999,6.430028,0.1149258
4.961503,4.711708,2.097983
4.042804,7.04182,1.015791
7.762815,7.088314,4.542308
3.001139,8.7987,0.03247149
5.660522,7.685474,1.466549
3.288088,4.929367,1.159266
6.604503,3.934403,0.7512985
0.9851397,9.865049,0.1562245
6.716921,4.186264,1.585163
1.068534,4.635378,0.09953894
4.463466,7.554401,0.8752543
6.051074,8.051365,0.7906297
9.982186,8.272298,1.627009
8.353157,5.410391,2.201995
7.244203,4.1968,1.365955
1.308186,0.1223627,0.07895484
7.332479,3.840122,0.870248
0.6830675,1.35523,0.002190365
7.907914,9.316197,1.065808
0.2270018,3.584752,0.01404334
0.1186612,9.557617,0.05424516
9.29996,4.356661,1.456906
3.181331,0.3817252,0.3163336
7.561107,2.774429,2.202519
2.355733,9.035285,0.1525111
1.683977,5.32435,0.2148691
8.647807,2.118912,2.191469
9.301167,0.99867,0.7764138
9.744308,3.891938,0.9264565
1.877682,7.460283,0.2081579
7.099524,0.324441,1.215033
9.775358,0.1231057,2.705965
0.1038423,8.126156,0.06221556
0.7985634,7.660988,0.07046449
6.791593,6.068821,1.626794
0.2011969,0.6041467,0.0003895074
7.433493,0.1355771,4.542878
7.871253,6.265077,2.1884
8.521806,1.257981,0.8499256
0.9629754,3.105586,0.0228445
8.219027,6.759975,1.668218
6.598219,6.253287,0.9926383
5.246454,6.077842,0.6145926
5.486969,4.438672,0.877538
7.630621,0.1506863,3.503243
3.41953,3.057993,0.9074334
0.1355792,5.991419,0.03503812
7.793489,4.503462,0.5945071
2.856967,6.201476,0.08198493
9.647885,7.348505,4.918004
1.900562,9.428223,0.6963841
6.588849,6.359024,0.7627114
5.28975,2.190881,0.4902893
1.393445,3.439371,0.1051706
4.153598,8.546855,0.7810337
6.207386,7.859183,6.943638
8.241326,6.388394,6.725463
2.275764,6.877857,0.06069414
3.477328,0.04746669,0.2017595
9.195559,7.691312,0.3174036
0.9218913,9.810827,0.05785302
4.81695,9.57234,0.6198594
9.163474,6.919775,1.206084
2.819719,7.905109,0.5972114
7.631543,9.230074,2.766544
3.505004,8.570899,0.2055209
9.09668,5.878684,0.9038159
6.563744,6.290758,0.1574446
3.451461,0.9064362,0.2392123
4.530474,8.546833,0.4837541
7.628289,5.435503,9.48404
6.408061,0.05200745,7.069111
7.482994,0.8374738,0.979124
3.764023,0.233548,1.107878
1.782066,6.093012,0.1062589
4.664802,4.800244,0.1993602
1.056158,8.261479,0.01153723
1.09642,4.847701,0.07772477
5.701907,9.190293,0.02389265
9.401686,9.391088,0.2220162
5.12897,1.703317,0.8536312
1.424733,9.53581,0.06550831
2.856757,0.5673166,0.1668302
0.03246839,6.790906,0.04502854
6.667387,1.611347,1.121959
9.39743,4.523883,5.933966
0.8385483,8.77539,0.08469005
8.176761,1.558945,2.055671
5.026627,9.181688,5.401547
4.675228,2.095952,0.1399711
8.25322,9.584848,3.133495
8.168576,2.556721,0.3097935
0.8306203,5.213288,0.03660473
3.793706,1.105638,0.3706417
9.681518,9.924285,2.195818
0.863474,0.2361992,0.001064871
3.324796,1.38933,0.3079268
2.157528,2.886091,0.4686587
8.042836,7.037413,1.057417
6.567165,8.746231,3.300251
2.310386,5.101398,0.1075519
5.949164,0.3280064,0.6447148
7.911659,2.411394,5.693374
3.475623,0.7742729,0.02963716
9.591889,4.845743,7.539824
9.013637,4.027688,2.8489
4.869994,3.716483,0.004062324
7.187104,6.513049,3.459549
4.515393,8.646377,0.7048243
2.339139,5.275928,0.1363048
6.627667,0.8736742,1.374979
5.396228,7.253684,1.189631
4.695026,8.592045,0.4454684
2.40035,0.6391664,0.2562594
1.082908,2.88046,0.0003283112
8.347726,9.099412,7.403942
9.24161,5.669154,1.834731
2.932901,1.844686,0.05823947
6.871477,3.347635,1.842638
4.381457,6.744289,0.7193004
8.558276,9.716276,1.91919
1.614939,9.963096,0.06621976
8.780915,3.737247,6.631349
3.780735,8.09127,0.6348502
6.673417,1.757846,0.9649001
7.510643,1.015202,0.3686877
1.594298,9.032792,0.05785922
1.360186,6.823817,0.1287941
8.514573,4.689163,13.08839
6.851355,7.342727,2.975795
0.5129855,1.10041,0.0003305681
4.283987,7.100499,0.1444046
6.556724,8.276756,7.72514
9.344384,4.060369,0.1216403
5.07701,8.936117,0.1887854
1.316965,0.05307526,0.01475763
8.882226,0.6359586,10.21272
1.670648,9.722519,0.3955052
0.03526194,0.7298855,5.715495e-05
7.132239,7.472121,0.9778114
6.386342,9.793946,0.07084627
3.27702,1.45733,0.01870428
5.866944,3.372565,1.455388
0.8852963,6.462127,0.0476944
4.775341,2.200162,0.5840744
8.385769,9.758095,3.522563
2.944837,7.937787,0.6226088
7.225993,3.902853,3.148244
7.618589,3.353369,2.073495
2.156621,6.080335,0.02025191
3.037379,3.893559,0.03841219
3.921749,3.015618,0.7092014
8.544313,9.404162,2.120705
0.6141663,0.8268824,0.006853966
2.721217,3.556761,0.1105505
8.592421,8.735789,5.175513
3.472107,6.56479,0.7583729
2.846517,8.543941,0.0813817
6.481411,4.952076,2.245809
5.258936,1.995256,0.2890362
6.680077,1.106922,3.067101
4.081022,0.9196164,1.168126
0.4385083,5.191953,0.07420331
1.940696,5.149732,0.3970004
8.297708,8.485056,1.246404
3.019302,4.922652,0.2170148
2.901674,8.746478,0.1412244
8.838257,6.224703,2.914907
7.730857,5.44721,0.8422484
5.065642,1.127977,1.492942
3.950418,3.196809,0.136946
3.193854,2.980035,0.2754726
2.135184,5.245302,0.1702578
9.252964,3.689053,0.3163655
6.700307,6.962117,1.926211
0.08834254,7.774267,0.04839412
5.890665,7.823615,5.232763
0.3772719,8.727483,0.05995714
9.510156,7.226153,2.475206
6.568584,7.839996,0.9299185
7.449287,3.288561,1.816658
0.0015597,2.339172,0.01088885
7.797966,8.834382,1.342204
2.406919,9.919575,0.2743206
3.102545,9.357944,0.2295286
1.572888,9.102893,0.275919
1.749089,1.029814,0.0005611867
1.134662,3.812931,0.0273817
7.432775,6.808554,1.836227
9.998222,0.159935,9.901389
3.033513,9.957085,0.05360355
7.278848,8.010507,2.995542
8.344295,6.662867,1.014663
7.848654,6.001339,1.745041
0.07721923,3.923491,0.01981489
0.2549506,4.044914,0.02790207
9.503783,2.635101,7.193883
7.810098,9.743501,2.250393
0.6393037,2.742338,0.0001964201
3.31254,7.836611,0.3411647
1.756589,1.862506,0.04079357
3.522873,2.708385,0.2599701
4.486695,6.123949,2.297153
5.039621,6.675159,1.344876
9.763392,9.940957,11.02596
0.7455968,9.703328,0.05815878
0.335866,5.893014,0.0354337
0.9150157,0.8470909,0.120244
3.051096,0.1599665,0.4641414
5.877473,8.327558,0.6675646
2.100843,2.562895,0.1043012
2.249357,1.794788,0.08185128
3.452745,0.9413545,0.1920621
5.085942,8.266529,0.4277174
1.338728,5.701336,0.06988041
2.89711,1.300832,0.173091
9.992013,4.119088,23.42643
3.948203,2.373766,0.7334072
0.1568974,6.884438,0.06276846
3.524944,6.525201,0.4068587
7.347692,8.306567,0.8636884
6.795627,3.500936,3.71362
4.98848,8.78922,0.8605825
0.1024471,8.332827,0.04799761
8.350173,7.599065,1.610213
3.38557,8.822653,0.168172
0.9729093,5.852753,0.02874958
4.369488,2.771459,0.7934384
7.963485,9.928833,3.226171
0.4966285,0.8700869,0.007503906
9.9541,5.055024,1.653394
0.6584608,2.86149,0.02075961
6.290724,4.049048,2.120861
2.12678,8.594813,0.03052465
7.462562,9.388348,1.562735
5.588207,6.998543,0.3362801
1.666245,0.6890994,0.02739126
3.927982,6.850894,0.1848709
0.4804196,3.862873,0.01433562
7.157006,0.8334605,5.724085
4.679479,5.113545,0.3969019
8.015881,4.906116,6.897415
2.310765,5.578302,0.1359606
6.660247,1.7171,1.550321
9.482724,3.313741,2.805145
2.921785,1.134915,0.1509664
0.3803054,7.183829,0.03191001
2.18379,4.106258,0.528828
9.128056,8.939007,3.380999
4.150257,6.42328,1.283351
4.751803,7.517197,2.201808
5.442309,2.507204,1.085871
2.714351,7.064898,0.2143834
7.182331,3.86616,4.004621
2.053467,7.213614,0.2942799
9.522334,6.219963,3.907593
3.736328,1.410127,2.000545
8.987349,0.4785132,2.472366
7.686619,3.558842,3.263308
3.381637,4.581838,0.6574559
8.477077,6.824058,14.17833
5.277158,6.566628,0.06622739
4.415827,3.743983,0.6817495
4.37677,7.270335,1.037199
3.515259,4.360059,0.4963816
8.979151,3.153473,1.923316
5.841561,5.671091,0.04724566
9.070758,5.742185,0.1795489
5.571101,9.836552,3.25526
6.908377,8.819446,2.884393
1.204046,0.2483791,0.001549075
3.551412,7.963516,0.2570109
7.984915,7.375655,3.437422
7.155491,3.887352,2.037862
7.009667,2.647131,2.838996
8.432407,0.1943463,0.7199949
8.934939,6.154345,2.05263
9.162353,3.339877,2.415434
8.593201,9.712155,4.451393
5.155155,4.753085,0.7540143
7.705037,0.1064204,2.873123
4.037479,2.793512,0.8052966
8.122392,3.787797,7.773878
0.2553661,6.185157,0.05692997
7.283917,2.815502,6.192867
3.548363,4.117062,1.295311
3.672422,5.930067,1.178135
0.2836659,0.6603199,1.145071e-05
3.525932,0.5953519,0.3937172
8.825552,7.626862,3.941303
7.782029,1.922435,1.258328
7.365319,3.569407,1.300137
2.010478,2.717758,0.5588201
4.445702,6.404277,0.2565716
4.086723,9.728133,0.3826295
6.32945,8.626196,0.1241573
2.632387,2.792568,0.0257823
5.285672,5.152968,0.6797251
2.13734,8.645369,0.125834
2.634499,6.548607,0.07967719
2.541986,2.083313,0.2360759
8.892459,5.537589,1.972684
7.469835,4.187094,1.281162
2.874545,7.142194,0.08426187
1.005671,5.073738,0.05262776
4.597052,4.969396,0.5375404
2.333446,6.384933,1.146004
1.182377,6.476276,0.2215658
8.043189,6.596242,1.21095
9.556326,6.334405,2.553964
2.324018,6.489432,0.1446848
8.263029,7.23747,0.4565558
8.366639,9.647742,5.673497
6.749101,6.972604,2.202026
9.115134,7.756099,1.108702
8.237444,6.40553,0.9359185
5.2223,1.301705,0.5334235
0.09725496,9.426332,0.04664163
2.180277,6.006387,0.2382332
9.120433,3.278584,0.3600449
2.081678,5.327572,0.1861342
7.129632,0.001634883,0.5376748
8.124752,5.988555,2.333847
9.917801,3.823677,1.27038
1.414139,5.408552,0.1200708
9.44955,1.768538,1.129844
7.292238,6.761539,0.5750163
4.917545,5.171534,1.240281
1.43153,2.254405,0.0108464
6.768792,0.6061167,2.039935
8.985639,4.081292,4.831482
3.475601,8.539878,0.3264146
2.562902,5.371003,0.07910101
4.775871,2.588774,0.218238
5.9003,6.642872,0.5309761
5.017769,3.726763,0.0211886
1.079851,3.310528,0.1160045
7.025795,5.174769,0.01928041
4.859652,5.468737,0.8877744
0.5436083,5.121831,0.04607009
0.8880399,2.866789,0.04834112
6.734878,1.623166,1.637771
0.4936061,2.259359,0.0008807096
7.805318,3.774031,1.967235
9.262983,5.690146,1.337853
9.677353,3.474601,1.190321
6.754303,3.398438,2.618723
0.9997447,6.602592,0.1130079
8.36273,3.928426,1.343946
6.327044,6.649244,0.8156969
4.240029,6.37835,0.001273415
4.588268,6.10049,0.03000468
3.067151,2.617336,0.54481
5.692658,1.939136,0.7945407
4.491675,8.889042,0.1297931
6.313286,4.878006,0.06988665
1.906021,8.596818,0.3662389
3.784639,2.391902,1.065362
9.706295,2.281653,5.674091
8.166654,6.514879,2.130124
4.974298,8.658251,1.406816
2.336623,1.173726,0.04378691
5.741311,1.606491,0.3579064
8.019747,6.390385,0.5184997
7.39644,2.539016,2.862997
3.08843,5.028628,0.1565734
2.215833,6.157243,0.1362579
0.1396337,9.026924,0.05343312
3.076054,8.437088,0.1063079
6.345904,6.046012,3.010853
0.6402081,6.086044,0.01053877
7.843617,6.266862,3.59841
6.910866,9.452432,0.5968324
3.817207,1.499135,1.134403
0.2035401,8.248762,0.05356482
5.977296,0.4372697,2.366465
1.795217,1.680281,0.492452
1.134168,4.088068,0.01662851
7.262852,8.893264,4.878468
2.669789,0.7203061,0.3450802
0.4960885,1.882199,0.001657717
8.097289,3.339065,2.026581
8.459579,3.932617,16.69513
5.881144,1.658907,0.988109
9.219988,9.490812,1.874084
7.367022,4.860349,1.046322
4.361988,2.338921,4.168472
1.119533,4.866249,0.05555783
8.569769,9.496292,2.079612
2.083408,8.740045,0.8606301
0.4360544,9.778968,0.09263513
5.12992,3.573119,1.114821
0.340813,0.459505,0.006266318
9.655734,4.491286,1.471967
4.703581,0.2707833,0.5716534
9.989961,3.797318,6.128927
7.775266,4.779347,0.3818382
5.815894,6.184139,0.3436045
4.800215,4.38288,1.894528
4.773023,9.5587,1.346855
2.295433,0.6105043,0.1312653
5.25092,0.4536282,5.406376
1.724248,2.877111,0.02994575
5.386241,5.278101,2.109308
5.637966,4.548599,3.083865
1.522131,4.431989,0.08222216
6.372199,7.7258,1.236674
0.04434565,3.736518,0.01903145
5.551794,4.951297,1.035225
6.586702,1.122906,2.133659
6.988167,3.93634,5.725503
2.85706,9.876479,2.789997
6.731312,0.3647445,0.1081839
3.915196,5.364005,0.1534355
7.396963,7.604127,3.834356
6.612063,1.058558,0.3948491
4.6321,6.56912,1.420078
9.699108,8.041062,6.626182
0.1211989,9.260207,0.05908375
0.4978695,7.189656,0.04143878
2.996399,6.105451,1.300503
0.5023305,8.424135,0.07175365
0.4162199,6.731071,0.04012862
5.01268,9.459893,1.926396
9.516473,4.999653,1.312426
9.123475,7.462318,4.271326
0.6379559,9.027837,0.06340642
1.84528,5.359521,0.2487144
6.005007,4.013026,0.997346
4.571068,9.758217,3.005424
4.554232,9.81045,0.09488941
9.916354,1.941254,2.277284
8.185315,2.638944,12.27967
4.257148,7.299718,0.3083246
2.161909,9.889469,0.06359286
5.503541,6.084062,1.377216
3.835823,7.129029,1.896688
1.215669,0.3037255,0.04430036
9.153046,0.447057,2.005262
4.507011,4.514497,0.9498311
9.433108,7.183791,1.142935
7.879897,0.3674418,2.496238
2.726481,2.156719,0.3223467
7.57252,4.714023,2.757041
8.985144,6.438477,3.741511
4.545333,8.798403,1.48054
0.7330312,9.150602,0.01761384
0.1127149,2.843564,0.01176167
4.610433,6.407672,0.768355
0.106892,7.758904,0.05370736
7.596479,7.717066,5.474514
9.799429,8.927444,2.106807
6.94384,4.208254,2.263947
7.63683,0.1069915,1.630104
5.77648,3.809625,2.650321
1.692387,9.729615,0.1877349
2.040967,2.331175,0.1722043
0.7940088,5.385894,0.02811628
0.4042135,8.529552,0.0383606
2.747737,9.809563,0.2292783
1.955989,5.306473,0.04149499
3.270684,2.128241,0.0002574831
1.011159,5.274435,0.03204794
5.318903,5.568897,0.08473948
7.851517,0.4901782,1.709
0.3474566,9.102955,0.07441675
4.770747,9.207129,0.1984657
0.7155813,2.707954,0.01862191
8.363011,4.614688,2.063344
6.93622,6.296712,0.5562798
7.42979,7.209208,0.7619446
4.628168,4.680322,0.7182661
1.691394,1.414706,0.02321147
9.455264,4.361158,2.74301
3.683449,7.20239,0.3889432
4.15031,6.112196,0.4412834
2.207545,2.674695,0.02889313
2.862275,2.798143,0.09480163
2.410798,6.748544,0.004266277
9.708081,1.393901,5.709563
6.966347,1.490475,0.7813502
5.436328,4.91914,0.574776
7.053227,4.008446,0.1170314
5.534462,3.1901,0.1371175
9.473012,7.863336,1.719197
0.06537643,1.80988,0.004873714
3.108803,7.571407,0.0995001
5.688639,5.135703,0.8373689
5.7193,8.207611,0.3585676
5.218201,6.434025,1.612051
1.286149,1.85658,0.1078642
4.705119,0.9670896,1.05963
2.161602,3.472069,0.2200009
4.204871,6.204608,1.272334
2.638891,3.455673,0.3036553
2.823531,4.116793,0.4350196
7.736341,2.30476,3.418483
1.205375,4.500561,0.02464592
6.413146,6.513978,2.672212
8.513606,0.6597556,5.333566
4.157946,5.775941,0.732849
3.792233,9.891889,0.5301163
8.064601,6.409159,2.638475
4.439658,3.114214,0.08832616
4.076016,9.140127,0.7761192
6.851758,8.549286,5.2534
6.395124,6.725494,6.159403
7.777935,2.867543,2.412136
3.123011,2.417131,0.3277999
9.888763,1.296134,3.13499
3.064239,3.807856,0.113638
6.756953,9.740794,0.588071
2.975765,1.680347,1.021359
4.160056,3.681937,0.2306132
3.0991,1.565546,0.375837
4.955016,7.132248,0.3375888
6.733899,4.60771,2.757606
7.688166,3.359364,0.4734756
2.419441,4.929822,0.09164657
3.937879,8.19323,0.2147177
3.829658,8.309322,0.119945
8.705805,5.099215,2.073637
4.528224,4.037196,1.052329
8.646643,6.408403,2.070902
8.788703,5.430333,1.03725
7.331848,7.941971,4.677916
4.292016,2.017974,0.2801165
7.88896,2.530487,5.06372
3.03091,0.5236371,0.3870785
7.426209,1.201405,0.5300743
5.694337,2.215169,0.4340617
4.48064,6.454772,0.4709936
5.116083,4.925653,4.451936
7.363217,4.204091,1.171964
2.096723,9.582497,0.2226601
0.3708744,2.240736,0.01751111
0.5081507,6.83441,0.01339757
2.389467,7.814295,0.3489765
2.835388,0.7736886,0.5402232
3.881424,9.250091,0.5542311
2.271023,9.416196,0.007755662
4.024325,7.393165,0.2541374
0.7180595,2.465503,0.0001308002
2.86972,8.464609,0.2659159
3.041156,3.156447,0.1615307
8.034635,9.232598,14.90644
8.491281,3.640292,2.024982
6.610202,5.138844,1.595624
8.850355,6.516353,4.172681
7.458919,0.1663268,2.208445
0.1481066,5.937048,0.0521026
4.210078,3.329132,2.248715
0.8963437,3.213792,0.03609022
6.9038,5.461408,2.932912
0.2252353,4.930302,0.01108917
1.269976,8.491715,0.3040275
5.503796,6.632296,0.4616403
4.216546,3.298912,0.1613581
0.7995647,6.082838,0.06026917
0.7659796,6.763025,0.03387132
2.585689,2.328268,0.2997476
3.662548,4.152781,0.314377
2.0429,9.605342,0.1692489
1.320929,0.3126219,0.005667847
8.706642,6.396903,2.622879
2.750667,5.153613,0.1292487
5.184672,0.02559218,0.1525643
8.003785,2.013952,1.222639
2.896075,0.2900912,0.01120812
2.256157,3.965503,0.1655356
3.427609,5.381118,0.2008058
7.694284,4.291557,0.2060874
2.347215,7.643984,0.2225703
1.870003,5.973917,0.2566729
1.437904,0.8293617,0.0401176
3.364591,9.597303,0.2304716
1.570376,7.136996,0.120989
6.650261,1.71073,0.7387962
4.121101,5.648469,0.008987054
9.688028,0.7556274,1.348238
0.009995396,8.003078,0.04699371
7.19915,9.788034,4.060733
3.769847,9.678584,0.2351403
9.908678,7.86501,2.998738
6.86597,5.856155,1.249882
9.190925,1.891152,2.488332
0.5449652,9.630385,0.05852842
0.5940963,7.467467,0.05910954
8.129239,7.893821,4.174128
9.767667,5.961884,1.042524
4.817817,0.4143369,0.7054042
9.631915,3.14934,2.43518
8.313227,6.240898,5.321866
5.701424,0.2531329,0.1418927
5.882426,6.177108,4.418189
1.603178,8.523056,0.08635264
9.224756,4.292054,1.138283
2.61498,3.29813,0.4879445
0.0562648,3.785347,0.02313349
2.024016,6.927363,0.01729349
1.851403,6.933472,0.0513556
9.904989,1.893851,3.496681
6.02525,2.383053,2.95001
1.972785,8.230936,0.005026501
5.438596,4.838569,0.953243
6.624612,1.615593,8.20873
9.872837,1.881704,11.27473
3.659138,1.884504,1.23547
2.75952,3.643933,0.1397936
7.139052,7.332952,6.916814
2.181049,0.4398048,0.2470879
5.835028,8.056578,1.029672
9.609914,6.612565,12.09185
5.448913,7.435539,1.11621
4.909663,7.422608,1.282102
1.679056,1.053585,0.03470274
3.648364,8.94942,0.6557363
8.523129,1.711843,0.2673559
6.001627,2.974323,5.58121
2.557719,7.943325,0.4005752
8.122294,6.94517,1.217533
7.854625,6.228346,9.631912
0.9048029,7.509933,0.0431454
7.301995,3.32516,2.111108
1.316804,8.506737,0.08390694
0.8783664,3.080423,0.03431297
5.757415,6.12102,0.3777537
7.507522,3.44965,0.9916231
5.556466,7.790878,1.783721
1.098293,1.599444,0.0542671
8.259627,9.150307,4.00655
4.372636,2.268481,1.003631
3.542042,5.041009,0.1003909
5.135871,2.055796,2.357454
7.65795,4.961224,1.342293
4.721583,2.862484,0.1282616
9.29155,4.614623,1.680398
8.571216,0.6779309,0.7673833
6.64962,0.5298058,0.306552
1.729423,5.236845,0.1291525
4.388782,6.867166,0.1604613
4.089521,7.910627,0.3877034
1.633163,2.289179,0.3605016
9.451972,6.185015,6.335818
2.085629,5.653738,0.004945885
9.957118,6.917054,7.518083
6.590993,1.080684,1.386393
0.6585811,6.717959,0.0531182
8.871138,9.672975,2.303196
4.602341,6.491869,1.032767
0.3890205,8.277769,0.03769258
2.144779,6.675267,0.04117598
4.669267,0.6713593,0.7509483
6.180553,7.94645,1.252248
7.813713,7.303291,2.138175
5.453316,2.513723,0.1045899
9.803322,7.772743,1.393034
2.917914,6.792215,0.3393728
7.741613,2.443605,0.6862639
8.909548,6.519625,3.546466
4.372583,3.06666,0.1282422
3.657975,9.154429,0.1924936
7.228417,8.801337,2.692017
0.4301703,7.702952,0.06001405
4.63163,0.4955763,2.662022
8.424369,8.204464,2.982403
3.287684,3.690673,0.03316764
9.504718,9.512229,0.3026046
0.245669,3.372262,0.008764529
9.629866,4.244775,3.077641
7.257972,8.620815,1.870786
4.851524,9.268626,1.071571
5.026622,1.752552,1.215468
9.303609,8.125311,0.8606295
0.1790338,3.578751,0.01854618
6.154929,1.031834,1.125228
0.8615523,3.369887,0.02227791
7.721864,0.988858,3.086685
5.772611,0.4079261,1.711675
3.479929,6.464217,1.518648
6.216964,4.349077,3.248555
6.62051,2.474146,1.843315
7.075091,9.266875,0.844444
1.330569,1.736422,0.01098599
1.875093,8.278448,0.09056328
8.207948,9.756971,2.596314
2.621732,1.009208,0.2893129
0.9128298,6.020284,0.03489654
6.503584,0.007618081,1.184218
7.865613,7.318403,10.68857
3.140387,3.98234,0.6706547
2.312547,3.047318,0.04851844
5.836694,2.335301,5.650246
5.422298,0.1486528,0.2616004
2.553906,0.2142246,0.08996591
2.052547,0.8421415,0.3961146
1.141957,3.757993,0.08403522
5.847587,2.718008,1.356355
4.363594,0.95513,0.2164284
2.378248,7.297213,0.6185086
2.109557,5.705424,0.1868321
0.3536396,2.411087,0.01809631
0.6017432,6.21654,0.0517614
5.097334,6.708753,3.197229
8.170671,7.485837,4.846178
2.681647,2.812403,0.1250069
8.753867,8.133404,0.4789641
1.401715,7.10279,0.05434305
2.638599,2.308907,0.3381795
9.082856,1.519665,8.849372
2.345394,7.504187,0.5687799
2.482979,7.235709,0.07205784
6.557269,7.146243,6.718674
4.419994,6.072113,0.992327
3.291554,9.069593,0.1143097
7.597687,7.334678,0.7745424
5.371007,8.964139,0.5091226
5.338019,5.05533,3.597389
2.744958,5.648837,0.7500147
4.918034,1.820916,0.119071
1.63382,5.25898,0.004730244
7.02713,3.314983,0.7193572
2.114324,2.073988,0.007230508
4.54075,2.424244,0.3887388
9.377005,8.439478,0.3728301
4.358556,5.170754,0.5162416
4.813963,9.039221,0.1589608
0.1754387,2.454352,0.002983458
8.548292,2.547672,0.5890898
3.187244,1.84185,0.374397
2.243562,8.899248,0.3362736
9.963179,9.843575,0.6455955
2.799442,3.98989,0.4701301
4.048233,0.5733039,0.5805744
3.909482,9.964675,1.077166
1.56063,6.119534,0.1026393
2.072214,8.150721,0.3146669
6.648035,9.137205,2.809
0.7620694,7.398704,0.04805286
6.825588,5.741344,0.2209818
1.884807,9.841928,0.09641704
